<?xml version="1.0" encoding="UTF-8"?>
<!-- Generated by org.testng.reporters.JUnitReportReporter -->
<testsuite skipped="0" hostname="DESKTOP-OH4GKI0" name="TestNg.prmdp" tests="4" failures="0" timestamp="2021-06-22T12:30:35 IST" time="0.032" errors="0">
  <testcase name="test1" time="0.002" classname="TestNg.prmdp"/>
  <system-out/>
  <testcase name="test2" time="0.007" classname="TestNg.prmdp"/>
  <system-out/>
  <testcase name="test1" time="0.018" classname="TestNg.prmdp"/>
  <system-out/>
  <testcase name="test2" time="0.005" classname="TestNg.prmdp"/>
  <system-out/>
</testsuite> <!-- TestNg.prmdp -->
