<?xml version="1.0" encoding="UTF-8"?>
<!-- Generated by org.testng.reporters.JUnitReportReporter -->
<testsuite skipped="0" hostname="DESKTOP-OH4GKI0" name="TestNg.chrome" tests="2" failures="0" timestamp="2021-06-18T20:29:36 IST" time="12.656" errors="0">
  <testcase name="find" time="0.560" classname="TestNg.chrome"/>
  <system-out/>
  <testcase name="Launchurl" time="12.096" classname="TestNg.chrome"/>
  <system-out/>
</testsuite> <!-- TestNg.chrome -->
