<?xml version="1.0" encoding="UTF-8"?>
<!-- Generated by org.testng.reporters.JUnitReportReporter -->
<testsuite skipped="0" hostname="DESKTOP-OH4GKI0" name="TestNg.Test1" tests="4" failures="0" timestamp="2021-06-18T20:29:36 IST" time="0.023" errors="0">
  <testcase name="add" time="0.011" classname="TestNg.Test1"/>
  <system-out/>
  <testcase name="sub" time="0.003" classname="TestNg.Test1"/>
  <system-out/>
  <testcase name="div" time="0.007" classname="TestNg.Test1"/>
  <system-out/>
  <testcase name="mul" time="0.002" classname="TestNg.Test1"/>
  <system-out/>
</testsuite> <!-- TestNg.Test1 -->
