<?xml version="1.0" encoding="UTF-8"?>
<!-- Generated by org.testng.reporters.JUnitReportReporter -->
<testsuite hostname="DESKTOP-0HCC1JU" name="pom.testcases.TC004" tests="1" failures="0" timestamp="2 Nov 2019 10:52:31 GMT" time="0.010" errors="1">
  <testcase name="irctcSaloon" time="0.010" classname="pom.testcases.TC004">
    <error type="java.lang.NullPointerException">
      <![CDATA[java.lang.NullPointerException
	at wrappers.GenericWrappers.clickByXpath(GenericWrappers.java:391)
	at project2irctcpages.HomePage.clickOnStays(HomePage.java:24)
	at pom.testcases.TC004.irctcSaloon(TC004.java:26)
	at sun.reflect.NativeMethodAccessorImpl.invoke0(Native Method)
	at sun.reflect.NativeMethodAccessorImpl.invoke(Unknown Source)
	at sun.reflect.DelegatingMethodAccessorImpl.invoke(Unknown Source)
	at java.lang.reflect.Method.invoke(Unknown Source)
	at org.testng.internal.MethodInvocationHelper.invokeMethod(MethodInvocationHelper.java:85)
	at org.testng.internal.Invoker.invokeMethod(Invoker.java:639)
	at org.testng.internal.Invoker.invokeTestMethod(Invoker.java:816)
	at org.testng.internal.Invoker.invokeTestMethods(Invoker.java:1124)
	at org.testng.internal.TestMethodWorker.invokeTestMethods(TestMethodWorker.java:124)
	at org.testng.internal.TestMethodWorker.run(TestMethodWorker.java:108)
	at java.util.concurrent.ThreadPoolExecutor.runWorker(Unknown Source)
	at java.util.concurrent.ThreadPoolExecutor$Worker.run(Unknown Source)
	at java.lang.Thread.run(Unknown Source)
]]>
    </error>
  </testcase> <!-- irctcSaloon -->
</testsuite> <!-- pom.testcases.TC004 -->
